[0.016s] Invoking command in '/home/geekayman/farmbot_ws/src/two_wheeled_robot/build/two_wheeled_robot': CMAKE_PREFIX_PATH=/opt/ros/foxy /usr/bin/cmake /home/geekayman/farmbot_ws/src/two_wheeled_robot -DCMAKE_INSTALL_PREFIX=/home/geekayman/farmbot_ws/src/two_wheeled_robot/install/two_wheeled_robot
[0.065s] -- The C compiler identification is GNU 9.3.0
[0.114s] -- The CXX compiler identification is GNU 9.3.0
[0.118s] -- Check for working C compiler: /usr/bin/cc
[0.178s] -- Check for working C compiler: /usr/bin/cc -- works
[0.179s] -- Detecting C compiler ABI info
[0.244s] -- Detecting C compiler ABI info - done
[0.256s] -- Detecting C compile features
[0.256s] -- Detecting C compile features - done
[0.259s] -- Check for working CXX compiler: /usr/bin/c++
[0.331s] -- Check for working CXX compiler: /usr/bin/c++ -- works
[0.332s] -- Detecting CXX compiler ABI info
[0.405s] -- Detecting CXX compiler ABI info - done
[0.417s] -- Detecting CXX compile features
[0.418s] -- Detecting CXX compile features - done
[0.420s] -- Found ament_cmake: 0.9.9 (/opt/ros/foxy/share/ament_cmake/cmake)
[0.444s] -- Found PythonInterp: /usr/bin/python3 (found suitable version "3.8.10", minimum required is "3") 
[0.444s] -- Using PYTHON_EXECUTABLE: /usr/bin/python3
[0.638s] -- Found rclcpp: 2.4.0 (/opt/ros/foxy/share/rclcpp/cmake)
[0.681s] -- Using all available rosidl_typesupport_c: rosidl_typesupport_fastrtps_c;rosidl_typesupport_introspection_c
[0.689s] -- Found rosidl_adapter: 1.2.1 (/opt/ros/foxy/share/rosidl_adapter/cmake)
[0.754s] -- Found OpenSSL: /usr/lib/x86_64-linux-gnu/libcrypto.so (found version "1.1.1f")  
[0.774s] -- Found FastRTPS: /opt/ros/foxy/include  
[0.841s] -- Using all available rosidl_typesupport_cpp: rosidl_typesupport_fastrtps_cpp;rosidl_typesupport_introspection_cpp
[0.898s] -- Found rmw_implementation_cmake: 1.0.3 (/opt/ros/foxy/share/rmw_implementation_cmake/cmake)
[0.899s] -- Using RMW implementation 'rmw_fastrtps_cpp' as default
[0.900s] -- Looking for pthread.h
[0.965s] -- Looking for pthread.h - found
[0.965s] -- Performing Test CMAKE_HAVE_LIBC_PTHREAD
[1.031s] -- Performing Test CMAKE_HAVE_LIBC_PTHREAD - Failed
[1.032s] -- Looking for pthread_create in pthreads
[1.083s] -- Looking for pthread_create in pthreads - not found
[1.083s] -- Looking for pthread_create in pthread
[1.145s] -- Looking for pthread_create in pthread - found
[1.146s] -- Found Threads: TRUE  
[1.300s] -- Found rclpy: 1.0.7 (/opt/ros/foxy/share/rclpy/cmake)
[1.326s] CMake Error at /opt/ros/foxy/share/ament_cmake_python/cmake/ament_python_install_package.cmake:46 (message):
[1.326s]   ament_python_install_package() the Python package folder
[1.326s]   '/home/geekayman/farmbot_ws/src/two_wheeled_robot/two_wheeled_robot'
[1.326s]   doesn't contain an '__init__.py' file
[1.327s] Call Stack (most recent call first):
[1.327s]   /opt/ros/foxy/share/ament_cmake_python/cmake/ament_python_install_package.cmake:28 (_ament_cmake_python_install_package)
[1.327s]   CMakeLists.txt:36 (ament_python_install_package)
[1.327s] 
[1.327s] 
[1.328s] -- Configuring incomplete, errors occurred!
[1.328s] See also "/home/geekayman/farmbot_ws/src/two_wheeled_robot/build/two_wheeled_robot/CMakeFiles/CMakeOutput.log".
[1.328s] See also "/home/geekayman/farmbot_ws/src/two_wheeled_robot/build/two_wheeled_robot/CMakeFiles/CMakeError.log".
[1.334s] Invoked command in '/home/geekayman/farmbot_ws/src/two_wheeled_robot/build/two_wheeled_robot' returned '1': CMAKE_PREFIX_PATH=/opt/ros/foxy /usr/bin/cmake /home/geekayman/farmbot_ws/src/two_wheeled_robot -DCMAKE_INSTALL_PREFIX=/home/geekayman/farmbot_ws/src/two_wheeled_robot/install/two_wheeled_robot
